
Showing logs for build [32mcb-kubecd-environment-pr-198-42-59zrb-1[0m stage [32mfrom-build-pack[0m and container [32mstep-credential-initializer-6m468[0m
{"level":"warn","ts":1586523318.0458586,"logger":"fallback-logger","caller":"logging/config.go:69","msg":"Fetch GitHub commit ID from kodata failed: \"ref: refs/heads/0.8.0-**-support-backwards-incompats\" is not a valid GitHub commit ID"}
{"level":"info","ts":1586523318.0466678,"logger":"fallback-logger","caller":"creds-init/main.go:40","msg":"Credentials initialized."}

Showing logs for build [32mcb-kubecd-environment-pr-198-42-59zrb-1[0m stage [32mfrom-build-pack[0m and container [32mstep-working-dir-initializer-tnfk7[0m
{"level":"warn","ts":1586523319.0642862,"logger":"fallback-logger","caller":"logging/config.go:69","msg":"Fetch GitHub commit ID from kodata failed: open /var/run/ko/HEAD: no such file or directory"}
{"level":"info","ts":1586523319.0662243,"logger":"fallback-logger","caller":"bash/main.go:64","msg":"Successfully executed command \"sh -c mkdir -p /workspace/source\"; output "}

Showing logs for build [32mcb-kubecd-environment-pr-198-42-59zrb-1[0m stage [32mfrom-build-pack[0m and container [32mstep-place-tools[0m

Showing logs for build [32mcb-kubecd-environment-pr-198-42-59zrb-1[0m stage [32mfrom-build-pack[0m and container [32mstep-git-source-cb-kubecd-environment-pr-198-42-59zrb-9rplp[0m
{"level":"warn","ts":1586523325.29635,"logger":"fallback-logger","caller":"logging/config.go:69","msg":"Fetch GitHub commit ID from kodata failed: \"ref: refs/heads/0.8.0-**-support-backwards-incompats\" is not a valid GitHub commit ID"}
{"level":"info","ts":1586523326.3139887,"logger":"fallback-logger","caller":"git/git.go:103","msg":"Successfully cloned https://github.com/cb-kubecd/environment-pr-198-42-boot-vault-gke-production.git @ master in path /workspace/source"}

Showing logs for build [32mcb-kubecd-environment-pr-198-42-59zrb-1[0m stage [32mfrom-build-pack[0m and container [32mstep-git-merge[0m
Using SHAs from PULL_REFS=master:29e0a702bfe755bbc16d368aca0b46027fd8112c,1:d213cb20b0639ce82abc8fc1937426887ec41d8f
DEBUG: LC_ALL=C JX_LOG_LEVEL=error git fetch origin --unshallow d213cb20b0639ce82abc8fc1937426887ec41d8f: 29e0a702bfe755bbc16d368aca0b46027fd8112c:
DEBUG: ran git fetch --unshallow origin d213cb20b0639ce82abc8fc1937426887ec41d8f: 29e0a702bfe755bbc16d368aca0b46027fd8112c: in 
DEBUG: LC_ALL=C JX_LOG_LEVEL=error git branch
DEBUG: LC_ALL=C JX_LOG_LEVEL=error git checkout master
DEBUG: ran git checkout master in 
DEBUG: LC_ALL=C JX_LOG_LEVEL=error git reset --hard 29e0a702bfe755bbc16d368aca0b46027fd8112c
DEBUG: ran git reset --hard 29e0a702bfe755bbc16d368aca0b46027fd8112c in 
DEBUG: LC_ALL=C JX_LOG_LEVEL=error git clean -fd .
DEBUG: ran clean --force -d . in 
DEBUG: LC_ALL=C JX_LOG_LEVEL=error git merge d213cb20b0639ce82abc8fc1937426887ec41d8f
DEBUG: ran git merge d213cb20b0639ce82abc8fc1937426887ec41d8f in 
DEBUG: JX_LOG_LEVEL=error LC_ALL=C git log --format=%H%x1f%an%x1f%ae%x1f%cn%x1f%ce%x1f%s%n%b%x1e 29e0a702bfe755bbc16d368aca0b46027fd8112c..HEAD
Merged SHA d213cb20b0639ce82abc8fc1937426887ec41d8f with commit message 'chore: Promote bdd-spring-1586522003 to version 0.0.1' into base branch master

Showing logs for build [32mcb-kubecd-environment-pr-198-42-59zrb-1[0m stage [32mfrom-build-pack[0m and container [32mstep-build-helm-build[0m
WARNING: No $CHART_REPOSITORY defined so using the default value of: http://jenkins-x-chartmuseum:8080
Adding missing Helm repo: storage.googleapis.com https://storage.googleapis.com/chartmuseum.jenkins-x.io
WARNING: No secrets found on "helm/repos" due: reading the secret "helm/repos" from vault: no secret "helm/repos" not found in vault
Read credentials for https://storage.googleapis.com/chartmuseum.jenkins-x.io from vault helm/repos
Successfully added Helm repository storage.googleapis.com.
Adding missing Helm repo: jenkins-x-chartmuseum http://jenkins-x-chartmuseum:8080
WARNING: No secrets found on "helm/repos" due: reading the secret "helm/repos" from vault: no secret "helm/repos" not found in vault
Read credentials for http://jenkins-x-chartmuseum:8080 from vault helm/repos
Successfully added Helm repository jenkins-x-chartmuseum.
WARNING: No $CHART_REPOSITORY defined so using the default value of: http://jenkins-x-chartmuseum:8080
Adding missing Helm repo: chartmuseum.jenkins-x.io http://chartmuseum.jenkins-x.io
WARNING: No secrets found on "helm/repos" due: reading the secret "helm/repos" from vault: no secret "helm/repos" not found in vault
Read credentials for http://chartmuseum.jenkins-x.io from vault helm/repos
Successfully added Helm repository chartmuseum.jenkins-x.io.
